Sep-20 00:55:34.397 [main] DEBUG nextflow.cli.Launcher - $> nextflow run tutorial.nf
Sep-20 00:55:34.545 [main] DEBUG nextflow.cli.CmdRun - N E X T F L O W  ~  version 24.04.4
Sep-20 00:55:34.609 [main] DEBUG nextflow.plugin.PluginsFacade - Setting up plugin manager > mode=prod; embedded=false; plugins-dir=/home/codespace/.nextflow/plugins; core-plugins: nf-amazon@2.5.3,nf-azure@1.6.1,nf-cloudcache@0.4.1,nf-codecommit@0.2.1,nf-console@1.1.3,nf-ga4gh@1.3.0,nf-google@1.13.2-patch1,nf-tower@1.9.1,nf-wave@1.4.2-patch1
Sep-20 00:55:34.641 [main] INFO  o.pf4j.DefaultPluginStatusProvider - Enabled plugins: []
Sep-20 00:55:34.642 [main] INFO  o.pf4j.DefaultPluginStatusProvider - Disabled plugins: []
Sep-20 00:55:34.650 [main] INFO  org.pf4j.DefaultPluginManager - PF4J version 3.12.0 in 'deployment' mode
Sep-20 00:55:34.669 [main] INFO  org.pf4j.AbstractPluginManager - No plugins
Sep-20 00:55:34.806 [main] DEBUG nextflow.cli.CmdRun - Applied DSL=2 by global default
Sep-20 00:55:34.845 [main] DEBUG nextflow.cli.CmdRun - Launching `tutorial.nf` [serene_liskov] DSL2 - revision: f778e0d112
Sep-20 00:55:34.848 [main] DEBUG nextflow.plugin.PluginsFacade - Plugins default=[]
Sep-20 00:55:34.848 [main] DEBUG nextflow.plugin.PluginsFacade - Plugins resolved requirement=[]
Sep-20 00:55:34.921 [main] DEBUG nextflow.Session - Session UUID: e53885e3-07e2-468a-9c69-cf150851fe2e
Sep-20 00:55:34.922 [main] DEBUG nextflow.Session - Run name: serene_liskov
Sep-20 00:55:34.923 [main] DEBUG nextflow.Session - Executor pool size: 2
Sep-20 00:55:34.938 [main] DEBUG nextflow.file.FilePorter - File porter settings maxRetries=3; maxTransfers=50; pollTimeout=null
Sep-20 00:55:34.998 [main] DEBUG nextflow.cli.CmdRun - 
  Version: 24.04.4 build 5917
  Created: 01-08-2024 07:05 UTC 
  System: Linux 6.5.0-1025-azure
  Runtime: Groovy 4.0.21 on OpenJDK 64-Bit Server VM 21.0.4+7-LTS
  Encoding: UTF-8 (UTF-8)
  Process: 9505@codespaces-734d9a [127.0.0.1]
  CPUs: 2 - Mem: 7.7 GB (237 MB) - Swap: 0 (0) - Virtual threads ON
Sep-20 00:55:35.077 [main] DEBUG nextflow.Session - Work-dir: /workspaces/Projeto-NextFlow/NextFlow/work [ext2/ext3]
Sep-20 00:55:35.078 [main] DEBUG nextflow.Session - Script base path does not exist or is not a directory: /workspaces/Projeto-NextFlow/NextFlow/bin
Sep-20 00:55:35.102 [main] DEBUG nextflow.executor.ExecutorFactory - Extension executors providers=[]
Sep-20 00:55:35.127 [main] DEBUG nextflow.Session - Observer factory: DefaultObserverFactory
Sep-20 00:55:35.208 [main] DEBUG nextflow.cache.CacheFactory - Using Nextflow cache factory: nextflow.cache.DefaultCacheFactory
Sep-20 00:55:35.222 [main] DEBUG nextflow.util.CustomPoolFactory - Creating virtual thread pool
Sep-20 00:55:35.463 [main] DEBUG nextflow.Session - Session start
Sep-20 00:55:36.460 [main] DEBUG nextflow.script.ScriptRunner - > Launching execution
Sep-20 00:55:36.488 [main] DEBUG n.secret.LocalSecretsProvider - Secrets store: /home/codespace/.nextflow/secrets/store.json
Sep-20 00:55:36.502 [main] DEBUG nextflow.secret.SecretsLoader - Discovered secrets providers: [nextflow.secret.LocalSecretsProvider@787508ca] - activable => nextflow.secret.LocalSecretsProvider@787508ca
Sep-20 00:55:36.690 [main] DEBUG nextflow.executor.ExecutorFactory - << taskConfig executor: null
Sep-20 00:55:36.691 [main] DEBUG nextflow.executor.ExecutorFactory - >> processorType: 'local'
Sep-20 00:55:36.701 [main] DEBUG nextflow.executor.Executor - [warm up] executor > local
Sep-20 00:55:36.712 [main] DEBUG n.processor.LocalPollingMonitor - Creating local task monitor for executor 'local' > cpus=2; memory=7.7 GB; capacity=2; pollInterval=100ms; dumpInterval=5m
Sep-20 00:55:36.716 [main] DEBUG n.processor.TaskPollingMonitor - >>> barrier register (monitor: local)
Sep-20 00:55:36.886 [main] DEBUG nextflow.executor.ExecutorFactory - << taskConfig executor: null
Sep-20 00:55:36.886 [main] DEBUG nextflow.executor.ExecutorFactory - >> processorType: 'local'
Sep-20 00:55:36.933 [main] DEBUG nextflow.Session - Workflow process names [dsl2]: convertToUpper, splitLetters
Sep-20 00:55:36.934 [main] DEBUG nextflow.Session - Igniting dataflow network (2)
Sep-20 00:55:36.935 [main] DEBUG nextflow.processor.TaskProcessor - Starting process > splitLetters
Sep-20 00:55:36.936 [main] DEBUG nextflow.processor.TaskProcessor - Starting process > convertToUpper
Sep-20 00:55:36.940 [main] DEBUG nextflow.script.ScriptRunner - Parsed script files:
  Script_5fff74945b354a1a: /workspaces/Projeto-NextFlow/NextFlow/tutorial.nf
Sep-20 00:55:36.940 [main] DEBUG nextflow.script.ScriptRunner - > Awaiting termination 
Sep-20 00:55:36.940 [main] DEBUG nextflow.Session - Session await
Sep-20 00:55:37.258 [Task submitter] DEBUG n.executor.local.LocalTaskHandler - Launch cmd line: /bin/bash -ue .command.run
Sep-20 00:55:37.262 [Task submitter] INFO  nextflow.Session - [a3/1a3eae] Submitted process > splitLetters
Sep-20 00:55:37.299 [Task monitor] DEBUG n.processor.TaskPollingMonitor - Task completed > TaskHandler[id: 1; name: splitLetters; status: COMPLETED; exit: 0; error: -; workDir: /workspaces/Projeto-NextFlow/NextFlow/work/a3/1a3eaee22fc4291ad5f60ac4bda6b6]
Sep-20 00:55:37.458 [Task submitter] DEBUG n.executor.local.LocalTaskHandler - Launch cmd line: /bin/bash -ue .command.run
Sep-20 00:55:37.462 [Task submitter] INFO  nextflow.Session - [81/92f0f2] Submitted process > convertToUpper (2)
Sep-20 00:55:37.477 [Task submitter] DEBUG n.executor.local.LocalTaskHandler - Launch cmd line: /bin/bash -ue .command.run
Sep-20 00:55:37.478 [Task submitter] INFO  nextflow.Session - [3c/8b76fe] Submitted process > convertToUpper (1)
Sep-20 00:55:37.531 [Task monitor] DEBUG n.processor.TaskPollingMonitor - Task completed > TaskHandler[id: 3; name: convertToUpper (2); status: COMPLETED; exit: 0; error: -; workDir: /workspaces/Projeto-NextFlow/NextFlow/work/81/92f0f2a57f2dc656f7b1535f647827]
Sep-20 00:55:37.551 [Task monitor] DEBUG n.processor.TaskPollingMonitor - Task completed > TaskHandler[id: 2; name: convertToUpper (1); status: COMPLETED; exit: 0; error: -; workDir: /workspaces/Projeto-NextFlow/NextFlow/work/3c/8b76fe9e0c5ea42df245e1f46d4d7d]
Sep-20 00:55:37.562 [main] DEBUG nextflow.Session - Session await > all processes finished
Sep-20 00:55:37.654 [Task monitor] DEBUG n.processor.TaskPollingMonitor - <<< barrier arrives (monitor: local) - terminating tasks monitor poll loop
Sep-20 00:55:37.655 [main] DEBUG nextflow.Session - Session await > all barriers passed
Sep-20 00:55:37.658 [main] DEBUG nextflow.util.ThreadPoolManager - Thread pool 'TaskFinalizer' shutdown completed (hard=false)
Sep-20 00:55:37.664 [main] DEBUG n.trace.WorkflowStatsObserver - Workflow completed > WorkflowStats[succeededCount=3; failedCount=0; ignoredCount=0; cachedCount=0; pendingCount=0; submittedCount=0; runningCount=0; retriesCount=0; abortedCount=0; succeedDuration=64ms; failedDuration=0ms; cachedDuration=0ms;loadCpus=0; loadMemory=0; peakRunning=2; peakCpus=2; peakMemory=0; ]
Sep-20 00:55:37.836 [main] DEBUG nextflow.cache.CacheDB - Closing CacheDB done
Sep-20 00:55:37.856 [main] DEBUG nextflow.util.ThreadPoolManager - Thread pool 'FileTransfer' shutdown completed (hard=false)
Sep-20 00:55:37.856 [main] DEBUG nextflow.script.ScriptRunner - > Execution complete -- Goodbye
